<?xml version="1.0" encoding="UTF-8"?>
<robot generator="Robot 3.0.4 (Python 3.7.0 on win32)" generated="20190220 15:13:54.733">
<suite id="s1" name="He" source="C:\selenium\Anvaeshma\Testing\he.robot">
<test id="s1-t1" name="hi">
<kw name="OPen2" library="common">
<kw name="Open Browser" library="Selenium2Library">
<doc>Opens a new browser instance to the given ``url``.</doc>
<arguments>
<arg>${url2}</arg>
<arg>gc</arg>
</arguments>
<msg timestamp="20190220 15:13:54.914" level="INFO">Opening browser 'gc' to base url 'http://192.168.100.100/anveshana/app/users.php'.</msg>
<status status="PASS" starttime="20190220 15:13:54.914" endtime="20190220 15:14:01.968"></status>
</kw>
<kw name="Maximize Browser Window" library="Selenium2Library">
<doc>Maximizes current browser window.</doc>
<status status="PASS" starttime="20190220 15:14:01.968" endtime="20190220 15:14:03.089"></status>
</kw>
<status status="PASS" starttime="20190220 15:13:54.913" endtime="20190220 15:14:03.089"></status>
</kw>
<kw name="Get CSV Data">
<arguments>
<arg>Resources/Data/payment.csv</arg>
</arguments>
<assign>
<var>${ValidSigninScenrios}</var>
</assign>
<kw name="Read Csv File" library="Csv">
<arguments>
<arg>${FilePath}</arg>
</arguments>
<assign>
<var>${Data}</var>
</assign>
<msg timestamp="20190220 15:14:03.091" level="INFO">${Data} = [['16k61a05d1', 'sasi@123', '16k61a05d1']]</msg>
<status status="PASS" starttime="20190220 15:14:03.090" endtime="20190220 15:14:03.091"></status>
</kw>
<msg timestamp="20190220 15:14:03.091" level="INFO">${ValidSigninScenrios} = [['16k61a05d1', 'sasi@123', '16k61a05d1']]</msg>
<status status="PASS" starttime="20190220 15:14:03.089" endtime="20190220 15:14:03.091"></status>
</kw>
<kw name="Event6" library="hi">
<arguments>
<arg>${ValidSigninScenrios}</arg>
</arguments>
<kw name="${SigninScenario} IN [ @{hi6} ]" type="for">
<kw name="${SigninScenario} = ['16k61a05d1', 'sasi@123', '16k61a05d1']" type="foritem">
<kw name="Login Page" library="App">
<arguments>
<arg>${SigninScenario}</arg>
</arguments>
<kw name="Input Text" library="Selenium2Library">
<doc>Types the given ``text`` into text field identified by ``locator``.</doc>
<arguments>
<arg>//*[@id="user"]</arg>
<arg>${data[0]}</arg>
</arguments>
<msg timestamp="20190220 15:14:03.093" level="INFO">Typing text '16k61a05d1' into text field '//*[@id="user"]'.</msg>
<status status="PASS" starttime="20190220 15:14:03.092" endtime="20190220 15:14:03.176"></status>
</kw>
<kw name="Input Text" library="Selenium2Library">
<doc>Types the given ``text`` into text field identified by ``locator``.</doc>
<arguments>
<arg>//*[@id="pwd"]</arg>
<arg>${data[1]}</arg>
</arguments>
<msg timestamp="20190220 15:14:03.176" level="INFO">Typing text 'sasi@123' into text field '//*[@id="pwd"]'.</msg>
<status status="PASS" starttime="20190220 15:14:03.176" endtime="20190220 15:14:03.239"></status>
</kw>
<kw name="Sleep" library="BuiltIn">
<doc>Pauses the test executed for the given time.</doc>
<arguments>
<arg>1s</arg>
</arguments>
<msg timestamp="20190220 15:14:04.241" level="INFO">Slept 1 second</msg>
<status status="PASS" starttime="20190220 15:14:03.239" endtime="20190220 15:14:04.241"></status>
</kw>
<kw name="Click Element" library="Selenium2Library">
<doc>Click element identified by ``locator``.</doc>
<arguments>
<arg>xpath=/html/body/div/div[1]/div/form/div[3]/input</arg>
</arguments>
<msg timestamp="20190220 15:14:04.242" level="INFO">Clicking element 'xpath=/html/body/div/div[1]/div/form/div[3]/input'.</msg>
<status status="PASS" starttime="20190220 15:14:04.242" endtime="20190220 15:14:04.329"></status>
</kw>
<status status="PASS" starttime="20190220 15:14:03.092" endtime="20190220 15:14:04.329"></status>
</kw>
<kw name="Click Hello" library="AppUser">
<kw name="Sleep" library="BuiltIn">
<doc>Pauses the test executed for the given time.</doc>
<arguments>
<arg>2s</arg>
</arguments>
<msg timestamp="20190220 15:14:06.331" level="INFO">Slept 2 seconds</msg>
<status status="PASS" starttime="20190220 15:14:04.330" endtime="20190220 15:14:06.331"></status>
</kw>
<kw name="Click Element" library="Selenium2Library">
<doc>Click element identified by ``locator``.</doc>
<arguments>
<arg>xpath=/html/body/nav/div/ul/li[1]/a</arg>
</arguments>
<msg timestamp="20190220 15:14:06.332" level="INFO">Clicking element 'xpath=/html/body/nav/div/ul/li[1]/a'.</msg>
<status status="PASS" starttime="20190220 15:14:06.332" endtime="20190220 15:14:07.688"></status>
</kw>
<status status="PASS" starttime="20190220 15:14:04.329" endtime="20190220 15:14:07.688"></status>
</kw>
<kw name="Payment method cancle" library="AppUser">
<kw name="Sleep" library="BuiltIn">
<doc>Pauses the test executed for the given time.</doc>
<arguments>
<arg>1s</arg>
</arguments>
<msg timestamp="20190220 15:14:08.690" level="INFO">Slept 1 second</msg>
<status status="PASS" starttime="20190220 15:14:07.689" endtime="20190220 15:14:08.690"></status>
</kw>
<kw name="Click Element" library="Selenium2Library">
<doc>Click element identified by ``locator``.</doc>
<arguments>
<arg>xpath=/html/body/nav/div/ul/li[2]/a</arg>
</arguments>
<msg timestamp="20190220 15:14:08.691" level="INFO">Clicking element 'xpath=/html/body/nav/div/ul/li[2]/a'.</msg>
<status status="PASS" starttime="20190220 15:14:08.691" endtime="20190220 15:14:08.820"></status>
</kw>
<kw name="Click Element" library="Selenium2Library">
<doc>Click element identified by ``locator``.</doc>
<arguments>
<arg>xpath=/html/body/div/button</arg>
</arguments>
<msg timestamp="20190220 15:14:08.820" level="INFO">Clicking element 'xpath=/html/body/div/button'.</msg>
<status status="PASS" starttime="20190220 15:14:08.820" endtime="20190220 15:14:08.925"></status>
</kw>
<kw name="Sleep" library="BuiltIn">
<doc>Pauses the test executed for the given time.</doc>
<arguments>
<arg>2s</arg>
</arguments>
<msg timestamp="20190220 15:14:10.926" level="INFO">Slept 2 seconds</msg>
<status status="PASS" starttime="20190220 15:14:08.925" endtime="20190220 15:14:10.926"></status>
</kw>
<kw name="Click Element" library="Selenium2Library">
<doc>Click element identified by ``locator``.</doc>
<arguments>
<arg>xpath=//*[@id="myModal"]/div/div/div[1]/button</arg>
</arguments>
<msg timestamp="20190220 15:14:10.926" level="INFO">Clicking element 'xpath=//*[@id="myModal"]/div/div/div[1]/button'.</msg>
<status status="PASS" starttime="20190220 15:14:10.926" endtime="20190220 15:14:10.970"></status>
</kw>
<status status="PASS" starttime="20190220 15:14:07.688" endtime="20190220 15:14:10.970"></status>
</kw>
<kw name="Payment method" library="AppUser">
<arguments>
<arg>${SigninScenario}</arg>
</arguments>
<kw name="Sleep" library="BuiltIn">
<doc>Pauses the test executed for the given time.</doc>
<arguments>
<arg>1s</arg>
</arguments>
<msg timestamp="20190220 15:14:11.972" level="INFO">Slept 1 second</msg>
<status status="PASS" starttime="20190220 15:14:10.971" endtime="20190220 15:14:11.972"></status>
</kw>
<kw name="Click Element" library="Selenium2Library">
<doc>Click element identified by ``locator``.</doc>
<arguments>
<arg>xpath=/html/body/nav/div/ul/li[2]/a</arg>
</arguments>
<msg timestamp="20190220 15:14:11.972" level="INFO">Clicking element 'xpath=/html/body/nav/div/ul/li[2]/a'.</msg>
<status status="PASS" starttime="20190220 15:14:11.972" endtime="20190220 15:14:12.054"></status>
</kw>
<kw name="Click Element" library="Selenium2Library">
<doc>Click element identified by ``locator``.</doc>
<arguments>
<arg>xpath=/html/body/div/button</arg>
</arguments>
<msg timestamp="20190220 15:14:12.055" level="INFO">Clicking element 'xpath=/html/body/div/button'.</msg>
<status status="PASS" starttime="20190220 15:14:12.055" endtime="20190220 15:14:12.165"></status>
</kw>
<kw name="Sleep" library="BuiltIn">
<doc>Pauses the test executed for the given time.</doc>
<arguments>
<arg>1s</arg>
</arguments>
<msg timestamp="20190220 15:14:13.167" level="INFO">Slept 1 second</msg>
<status status="PASS" starttime="20190220 15:14:12.165" endtime="20190220 15:14:13.167"></status>
</kw>
<kw name="Input Text" library="Selenium2Library">
<doc>Types the given ``text`` into text field identified by ``locator``.</doc>
<arguments>
<arg>xpath=//*[@id="myModal"]/div/div/div[2]/form/input[1]</arg>
<arg>${data[0]}</arg>
</arguments>
<msg timestamp="20190220 15:14:13.169" level="INFO">Typing text '16k61a05d1' into text field 'xpath=//*[@id="myModal"]/div/div/div[2]/form/input[1]'.</msg>
<status status="PASS" starttime="20190220 15:14:13.168" endtime="20190220 15:14:13.258"></status>
</kw>
<kw name="Click Element" library="Selenium2Library">
<doc>Click element identified by ``locator``.</doc>
<arguments>
<arg>xpath=//*[@id="myModal"]/div/div/div[2]/form/input[2]</arg>
</arguments>
<msg timestamp="20190220 15:14:13.258" level="INFO">Clicking element 'xpath=//*[@id="myModal"]/div/div/div[2]/form/input[2]'.</msg>
<status status="PASS" starttime="20190220 15:14:13.258" endtime="20190220 15:14:13.384"></status>
</kw>
<kw name="Page Should Contain" library="Selenium2Library">
<doc>Verifies that current page contains ``text``.</doc>
<arguments>
<arg>REQUIRED:</arg>
<arg>₹100</arg>
</arguments>
<msg timestamp="20190220 15:14:13.401" level="INFO">Current page contains text 'REQUIRED:'.</msg>
<status status="PASS" starttime="20190220 15:14:13.384" endtime="20190220 15:14:13.401"></status>
</kw>
<status status="PASS" starttime="20190220 15:14:10.970" endtime="20190220 15:14:13.401"></status>
</kw>
<kw name="Regestering the Events CENTRAL EVENTS" library="AppUser">
<kw name="Sleep" library="BuiltIn">
<doc>Pauses the test executed for the given time.</doc>
<arguments>
<arg>2s</arg>
</arguments>
<msg timestamp="20190220 15:14:15.404" level="INFO">Slept 2 seconds</msg>
<status status="PASS" starttime="20190220 15:14:13.401" endtime="20190220 15:14:15.404"></status>
</kw>
<kw name="Click Element" library="Selenium2Library">
<doc>Click element identified by ``locator``.</doc>
<arguments>
<arg>xpath=//*[@id="1"]</arg>
</arguments>
<msg timestamp="20190220 15:14:15.404" level="INFO">Clicking element 'xpath=//*[@id="1"]'.</msg>
<status status="PASS" starttime="20190220 15:14:15.404" endtime="20190220 15:14:15.450"></status>
</kw>
<kw name="Click Element" library="Selenium2Library">
<doc>Click element identified by ``locator``.</doc>
<arguments>
<arg>xpath=//*[@id="2"]</arg>
</arguments>
<msg timestamp="20190220 15:14:15.450" level="INFO">Clicking element 'xpath=//*[@id="2"]'.</msg>
<status status="PASS" starttime="20190220 15:14:15.450" endtime="20190220 15:14:15.499"></status>
</kw>
<kw name="Click Element" library="Selenium2Library">
<doc>Click element identified by ``locator``.</doc>
<arguments>
<arg>xpath=//*[@id="3"]</arg>
</arguments>
<msg timestamp="20190220 15:14:15.500" level="INFO">Clicking element 'xpath=//*[@id="3"]'.</msg>
<status status="PASS" starttime="20190220 15:14:15.499" endtime="20190220 15:14:15.549"></status>
</kw>
<kw name="Click Element" library="Selenium2Library">
<doc>Click element identified by ``locator``.</doc>
<arguments>
<arg>xpath=//*[@id="4"]</arg>
</arguments>
<msg timestamp="20190220 15:14:15.549" level="INFO">Clicking element 'xpath=//*[@id="4"]'.</msg>
<status status="PASS" starttime="20190220 15:14:15.549" endtime="20190220 15:14:15.588"></status>
</kw>
<kw name="Click Element" library="Selenium2Library">
<doc>Click element identified by ``locator``.</doc>
<arguments>
<arg>xpath=//*[@id="5"]</arg>
</arguments>
<msg timestamp="20190220 15:14:15.589" level="INFO">Clicking element 'xpath=//*[@id="5"]'.</msg>
<status status="PASS" starttime="20190220 15:14:15.588" endtime="20190220 15:14:15.632"></status>
</kw>
<kw name="Click Element" library="Selenium2Library">
<doc>Click element identified by ``locator``.</doc>
<arguments>
<arg>xpath=//*[@id="6"]</arg>
</arguments>
<msg timestamp="20190220 15:14:15.632" level="INFO">Clicking element 'xpath=//*[@id="6"]'.</msg>
<status status="PASS" starttime="20190220 15:14:15.632" endtime="20190220 15:14:15.684"></status>
</kw>
<kw name="Click Element" library="Selenium2Library">
<doc>Click element identified by ``locator``.</doc>
<arguments>
<arg>xpath=//*[@id="7"]</arg>
</arguments>
<msg timestamp="20190220 15:14:15.685" level="INFO">Clicking element 'xpath=//*[@id="7"]'.</msg>
<status status="PASS" starttime="20190220 15:14:15.685" endtime="20190220 15:14:15.729"></status>
</kw>
<kw name="Click Element" library="Selenium2Library">
<doc>Click element identified by ``locator``.</doc>
<arguments>
<arg>xpath=//*[@id="8"]</arg>
</arguments>
<msg timestamp="20190220 15:14:15.729" level="INFO">Clicking element 'xpath=//*[@id="8"]'.</msg>
<status status="PASS" starttime="20190220 15:14:15.729" endtime="20190220 15:14:15.767"></status>
</kw>
<kw name="Click Element" library="Selenium2Library">
<doc>Click element identified by ``locator``.</doc>
<arguments>
<arg>xpath=//*[@id="9"]</arg>
</arguments>
<msg timestamp="20190220 15:14:15.767" level="INFO">Clicking element 'xpath=//*[@id="9"]'.</msg>
<status status="PASS" starttime="20190220 15:14:15.767" endtime="20190220 15:14:15.809"></status>
</kw>
<kw name="Click Element" library="Selenium2Library">
<doc>Click element identified by ``locator``.</doc>
<arguments>
<arg>xpath=//*[@id="10"]</arg>
</arguments>
<msg timestamp="20190220 15:14:15.809" level="INFO">Clicking element 'xpath=//*[@id="10"]'.</msg>
<status status="PASS" starttime="20190220 15:14:15.809" endtime="20190220 15:14:15.847"></status>
</kw>
<kw name="Click Element" library="Selenium2Library">
<doc>Click element identified by ``locator``.</doc>
<arguments>
<arg>xpath=//*[@id="11"]</arg>
</arguments>
<msg timestamp="20190220 15:14:15.847" level="INFO">Clicking element 'xpath=//*[@id="11"]'.</msg>
<status status="PASS" starttime="20190220 15:14:15.847" endtime="20190220 15:14:15.884"></status>
</kw>
<status status="PASS" starttime="20190220 15:14:13.401" endtime="20190220 15:14:15.884"></status>
</kw>
<kw name="canceling the Events CENTRAL EVENTS" library="AppUser">
<kw name="Click Element" library="Selenium2Library">
<doc>Click element identified by ``locator``.</doc>
<arguments>
<arg>xpath=//*[@id="1"]</arg>
</arguments>
<msg timestamp="20190220 15:14:15.885" level="INFO">Clicking element 'xpath=//*[@id="1"]'.</msg>
<status status="PASS" starttime="20190220 15:14:15.885" endtime="20190220 15:14:15.908"></status>
</kw>
<kw name="Click Element" library="Selenium2Library">
<doc>Click element identified by ``locator``.</doc>
<arguments>
<arg>xpath=//*[@id="2"]</arg>
</arguments>
<msg timestamp="20190220 15:14:15.909" level="INFO">Clicking element 'xpath=//*[@id="2"]'.</msg>
<status status="PASS" starttime="20190220 15:14:15.909" endtime="20190220 15:14:15.954"></status>
</kw>
<kw name="Click Element" library="Selenium2Library">
<doc>Click element identified by ``locator``.</doc>
<arguments>
<arg>xpath=//*[@id="3"]</arg>
</arguments>
<msg timestamp="20190220 15:14:15.955" level="INFO">Clicking element 'xpath=//*[@id="3"]'.</msg>
<status status="PASS" starttime="20190220 15:14:15.954" endtime="20190220 15:14:15.998"></status>
</kw>
<kw name="Click Element" library="Selenium2Library">
<doc>Click element identified by ``locator``.</doc>
<arguments>
<arg>xpath=//*[@id="4"]</arg>
</arguments>
<msg timestamp="20190220 15:14:15.998" level="INFO">Clicking element 'xpath=//*[@id="4"]'.</msg>
<status status="PASS" starttime="20190220 15:14:15.998" endtime="20190220 15:14:16.024"></status>
</kw>
<kw name="Click Element" library="Selenium2Library">
<doc>Click element identified by ``locator``.</doc>
<arguments>
<arg>xpath=//*[@id="5"]</arg>
</arguments>
<msg timestamp="20190220 15:14:16.024" level="INFO">Clicking element 'xpath=//*[@id="5"]'.</msg>
<status status="PASS" starttime="20190220 15:14:16.024" endtime="20190220 15:14:16.067"></status>
</kw>
<kw name="Click Element" library="Selenium2Library">
<doc>Click element identified by ``locator``.</doc>
<arguments>
<arg>xpath=//*[@id="6"]</arg>
</arguments>
<msg timestamp="20190220 15:14:16.067" level="INFO">Clicking element 'xpath=//*[@id="6"]'.</msg>
<status status="PASS" starttime="20190220 15:14:16.067" endtime="20190220 15:14:16.091"></status>
</kw>
<kw name="Click Element" library="Selenium2Library">
<doc>Click element identified by ``locator``.</doc>
<arguments>
<arg>xpath=//*[@id="7"]</arg>
</arguments>
<msg timestamp="20190220 15:14:16.092" level="INFO">Clicking element 'xpath=//*[@id="7"]'.</msg>
<status status="PASS" starttime="20190220 15:14:16.091" endtime="20190220 15:14:16.136"></status>
</kw>
<kw name="Click Element" library="Selenium2Library">
<doc>Click element identified by ``locator``.</doc>
<arguments>
<arg>xpath=//*[@id="8"]</arg>
</arguments>
<msg timestamp="20190220 15:14:16.136" level="INFO">Clicking element 'xpath=//*[@id="8"]'.</msg>
<status status="PASS" starttime="20190220 15:14:16.136" endtime="20190220 15:14:16.183"></status>
</kw>
<kw name="Click Element" library="Selenium2Library">
<doc>Click element identified by ``locator``.</doc>
<arguments>
<arg>xpath=//*[@id="9"]</arg>
</arguments>
<msg timestamp="20190220 15:14:16.184" level="INFO">Clicking element 'xpath=//*[@id="9"]'.</msg>
<status status="PASS" starttime="20190220 15:14:16.184" endtime="20190220 15:14:16.209"></status>
</kw>
<kw name="Click Element" library="Selenium2Library">
<doc>Click element identified by ``locator``.</doc>
<arguments>
<arg>xpath=//*[@id="10"]</arg>
</arguments>
<msg timestamp="20190220 15:14:16.209" level="INFO">Clicking element 'xpath=//*[@id="10"]'.</msg>
<status status="PASS" starttime="20190220 15:14:16.209" endtime="20190220 15:14:16.233"></status>
</kw>
<kw name="Sleep" library="BuiltIn">
<doc>Pauses the test executed for the given time.</doc>
<arguments>
<arg>1s</arg>
</arguments>
<msg timestamp="20190220 15:14:17.234" level="INFO">Slept 1 second</msg>
<status status="PASS" starttime="20190220 15:14:16.233" endtime="20190220 15:14:17.234"></status>
</kw>
<kw name="Click Element" library="Selenium2Library">
<doc>Click element identified by ``locator``.</doc>
<arguments>
<arg>xpath=//*[@id="11"]</arg>
</arguments>
<msg timestamp="20190220 15:14:17.235" level="INFO">Clicking element 'xpath=//*[@id="11"]'.</msg>
<status status="PASS" starttime="20190220 15:14:17.235" endtime="20190220 15:14:17.301"></status>
</kw>
<status status="PASS" starttime="20190220 15:14:15.884" endtime="20190220 15:14:17.302"></status>
</kw>
<kw name="CULTURAL EVENTS" library="AppUser">
<kw name="Page Should Contain" library="Selenium2Library">
<doc>Verifies that current page contains ``text``.</doc>
<arguments>
<arg>CULTURAL EVENTS</arg>
</arguments>
<msg timestamp="20190220 15:14:17.316" level="INFO">Current page contains text 'CULTURAL EVENTS'.</msg>
<status status="PASS" starttime="20190220 15:14:17.302" endtime="20190220 15:14:17.316"></status>
</kw>
<kw name="Click Element" library="Selenium2Library">
<doc>Click element identified by ``locator``.</doc>
<arguments>
<arg>//*[@id="12"]</arg>
</arguments>
<msg timestamp="20190220 15:14:17.316" level="INFO">Clicking element '//*[@id="12"]'.</msg>
<status status="PASS" starttime="20190220 15:14:17.316" endtime="20190220 15:14:17.360"></status>
</kw>
<kw name="Click Element" library="Selenium2Library">
<doc>Click element identified by ``locator``.</doc>
<arguments>
<arg>//*[@id="13"]</arg>
</arguments>
<msg timestamp="20190220 15:14:17.361" level="INFO">Clicking element '//*[@id="13"]'.</msg>
<status status="PASS" starttime="20190220 15:14:17.361" endtime="20190220 15:14:17.417"></status>
</kw>
<kw name="Click Element" library="Selenium2Library">
<doc>Click element identified by ``locator``.</doc>
<arguments>
<arg>//*[@id="14"]</arg>
</arguments>
<msg timestamp="20190220 15:14:17.417" level="INFO">Clicking element '//*[@id="14"]'.</msg>
<status status="PASS" starttime="20190220 15:14:17.417" endtime="20190220 15:14:17.457"></status>
</kw>
<kw name="Click Element" library="Selenium2Library">
<doc>Click element identified by ``locator``.</doc>
<arguments>
<arg>//*[@id="15"]</arg>
</arguments>
<msg timestamp="20190220 15:14:17.458" level="INFO">Clicking element '//*[@id="15"]'.</msg>
<status status="PASS" starttime="20190220 15:14:17.457" endtime="20190220 15:14:17.498"></status>
</kw>
<kw name="Click Element" library="Selenium2Library">
<doc>Click element identified by ``locator``.</doc>
<arguments>
<arg>//*[@id="16"]</arg>
</arguments>
<msg timestamp="20190220 15:14:17.498" level="INFO">Clicking element '//*[@id="16"]'.</msg>
<status status="PASS" starttime="20190220 15:14:17.498" endtime="20190220 15:14:17.538"></status>
</kw>
<kw name="Click Element" library="Selenium2Library">
<doc>Click element identified by ``locator``.</doc>
<arguments>
<arg>//*[@id="17"]</arg>
</arguments>
<msg timestamp="20190220 15:14:17.538" level="INFO">Clicking element '//*[@id="17"]'.</msg>
<status status="PASS" starttime="20190220 15:14:17.538" endtime="20190220 15:14:17.582"></status>
</kw>
<kw name="Click Element" library="Selenium2Library">
<doc>Click element identified by ``locator``.</doc>
<arguments>
<arg>//*[@id="18"]</arg>
</arguments>
<msg timestamp="20190220 15:14:17.582" level="INFO">Clicking element '//*[@id="18"]'.</msg>
<status status="PASS" starttime="20190220 15:14:17.582" endtime="20190220 15:14:17.623"></status>
</kw>
<kw name="Click Element" library="Selenium2Library">
<doc>Click element identified by ``locator``.</doc>
<arguments>
<arg>//*[@id="19"]</arg>
</arguments>
<msg timestamp="20190220 15:14:17.624" level="INFO">Clicking element '//*[@id="19"]'.</msg>
<status status="PASS" starttime="20190220 15:14:17.623" endtime="20190220 15:14:17.665"></status>
</kw>
<status status="PASS" starttime="20190220 15:14:17.302" endtime="20190220 15:14:17.666"></status>
</kw>
<kw name="SPORTS EVENTS" library="AppUser">
<kw name="Page Should Contain" library="Selenium2Library">
<doc>Verifies that current page contains ``text``.</doc>
<arguments>
<arg>SPORTS EVENTS</arg>
</arguments>
<msg timestamp="20190220 15:14:17.679" level="INFO">Current page contains text 'SPORTS EVENTS'.</msg>
<status status="PASS" starttime="20190220 15:14:17.666" endtime="20190220 15:14:17.679"></status>
</kw>
<kw name="Click Element" library="Selenium2Library">
<doc>Click element identified by ``locator``.</doc>
<arguments>
<arg>//*[@id="68"]</arg>
</arguments>
<msg timestamp="20190220 15:14:17.680" level="INFO">Clicking element '//*[@id="68"]'.</msg>
<status status="PASS" starttime="20190220 15:14:17.680" endtime="20190220 15:14:17.725"></status>
</kw>
<kw name="Click Element" library="Selenium2Library">
<doc>Click element identified by ``locator``.</doc>
<arguments>
<arg>//*[@id="69"]</arg>
</arguments>
<msg timestamp="20190220 15:14:17.726" level="INFO">Clicking element '//*[@id="69"]'.</msg>
<status status="PASS" starttime="20190220 15:14:17.725" endtime="20190220 15:14:17.771"></status>
</kw>
<kw name="Click Element" library="Selenium2Library">
<doc>Click element identified by ``locator``.</doc>
<arguments>
<arg>//*[@id="70"]</arg>
</arguments>
<msg timestamp="20190220 15:14:17.772" level="INFO">Clicking element '//*[@id="70"]'.</msg>
<status status="PASS" starttime="20190220 15:14:17.771" endtime="20190220 15:14:17.813"></status>
</kw>
<kw name="Click Element" library="Selenium2Library">
<doc>Click element identified by ``locator``.</doc>
<arguments>
<arg>//*[@id="71"]</arg>
</arguments>
<msg timestamp="20190220 15:14:17.813" level="INFO">Clicking element '//*[@id="71"]'.</msg>
<status status="PASS" starttime="20190220 15:14:17.813" endtime="20190220 15:14:17.853"></status>
</kw>
<kw name="Click Element" library="Selenium2Library">
<doc>Click element identified by ``locator``.</doc>
<arguments>
<arg>//*[@id="72"]</arg>
</arguments>
<msg timestamp="20190220 15:14:17.853" level="INFO">Clicking element '//*[@id="72"]'.</msg>
<status status="PASS" starttime="20190220 15:14:17.853" endtime="20190220 15:14:17.900"></status>
</kw>
<kw name="Click Element" library="Selenium2Library">
<doc>Click element identified by ``locator``.</doc>
<arguments>
<arg>//*[@id="73"]</arg>
</arguments>
<msg timestamp="20190220 15:14:17.900" level="INFO">Clicking element '//*[@id="73"]'.</msg>
<status status="PASS" starttime="20190220 15:14:17.900" endtime="20190220 15:14:17.939"></status>
</kw>
<kw name="Click Element" library="Selenium2Library">
<doc>Click element identified by ``locator``.</doc>
<arguments>
<arg>//*[@id="74"]</arg>
</arguments>
<msg timestamp="20190220 15:14:17.940" level="INFO">Clicking element '//*[@id="74"]'.</msg>
<status status="PASS" starttime="20190220 15:14:17.940" endtime="20190220 15:14:17.985"></status>
</kw>
<status status="PASS" starttime="20190220 15:14:17.666" endtime="20190220 15:14:17.985"></status>
</kw>
<kw name="Cancle Payment" library="AppUser">
<kw name="Click Element" library="Selenium2Library">
<doc>Click element identified by ``locator``.</doc>
<arguments>
<arg>//*[@id="content"]/div[2]/div[3]/button/a</arg>
</arguments>
<msg timestamp="20190220 15:14:17.986" level="INFO">Clicking element '//*[@id="content"]/div[2]/div[3]/button/a'.</msg>
<status status="PASS" starttime="20190220 15:14:17.986" endtime="20190220 15:14:18.092"></status>
</kw>
<status status="PASS" starttime="20190220 15:14:17.985" endtime="20190220 15:14:18.092"></status>
</kw>
<status status="PASS" starttime="20190220 15:14:03.092" endtime="20190220 15:14:18.092"></status>
</kw>
<status status="PASS" starttime="20190220 15:14:03.092" endtime="20190220 15:14:18.092"></status>
</kw>
<status status="PASS" starttime="20190220 15:14:03.092" endtime="20190220 15:14:18.093"></status>
</kw>
<kw name="Event7" library="hi">
<arguments>
<arg>${ValidSigninScenrios}</arg>
</arguments>
<kw name="${SigninScenario} IN [ @{hi6} ]" type="for">
<kw name="${SigninScenario} = ['16k61a05d1', 'sasi@123', '16k61a05d1']" type="foritem">
<kw name="Payment method cancle" library="AppUser">
<kw name="Sleep" library="BuiltIn">
<doc>Pauses the test executed for the given time.</doc>
<arguments>
<arg>1s</arg>
</arguments>
<msg timestamp="20190220 15:14:19.095" level="INFO">Slept 1 second</msg>
<status status="PASS" starttime="20190220 15:14:18.094" endtime="20190220 15:14:19.095"></status>
</kw>
<kw name="Click Element" library="Selenium2Library">
<doc>Click element identified by ``locator``.</doc>
<arguments>
<arg>xpath=/html/body/nav/div/ul/li[2]/a</arg>
</arguments>
<msg timestamp="20190220 15:14:19.096" level="INFO">Clicking element 'xpath=/html/body/nav/div/ul/li[2]/a'.</msg>
<status status="PASS" starttime="20190220 15:14:19.096" endtime="20190220 15:14:19.183"></status>
</kw>
<kw name="Click Element" library="Selenium2Library">
<doc>Click element identified by ``locator``.</doc>
<arguments>
<arg>xpath=/html/body/div/button</arg>
</arguments>
<msg timestamp="20190220 15:14:19.184" level="INFO">Clicking element 'xpath=/html/body/div/button'.</msg>
<status status="PASS" starttime="20190220 15:14:19.184" endtime="20190220 15:14:19.292"></status>
</kw>
<kw name="Sleep" library="BuiltIn">
<doc>Pauses the test executed for the given time.</doc>
<arguments>
<arg>2s</arg>
</arguments>
<msg timestamp="20190220 15:14:21.294" level="INFO">Slept 2 seconds</msg>
<status status="PASS" starttime="20190220 15:14:19.292" endtime="20190220 15:14:21.294"></status>
</kw>
<kw name="Click Element" library="Selenium2Library">
<doc>Click element identified by ``locator``.</doc>
<arguments>
<arg>xpath=//*[@id="myModal"]/div/div/div[1]/button</arg>
</arguments>
<msg timestamp="20190220 15:14:21.295" level="INFO">Clicking element 'xpath=//*[@id="myModal"]/div/div/div[1]/button'.</msg>
<status status="PASS" starttime="20190220 15:14:21.295" endtime="20190220 15:14:21.366"></status>
</kw>
<status status="PASS" starttime="20190220 15:14:18.094" endtime="20190220 15:14:21.366"></status>
</kw>
<kw name="Payment method" library="AppUser">
<arguments>
<arg>${SigninScenario}</arg>
</arguments>
<kw name="Sleep" library="BuiltIn">
<doc>Pauses the test executed for the given time.</doc>
<arguments>
<arg>1s</arg>
</arguments>
<msg timestamp="20190220 15:14:22.368" level="INFO">Slept 1 second</msg>
<status status="PASS" starttime="20190220 15:14:21.367" endtime="20190220 15:14:22.368"></status>
</kw>
<kw name="Click Element" library="Selenium2Library">
<doc>Click element identified by ``locator``.</doc>
<arguments>
<arg>xpath=/html/body/nav/div/ul/li[2]/a</arg>
</arguments>
<msg timestamp="20190220 15:14:22.369" level="INFO">Clicking element 'xpath=/html/body/nav/div/ul/li[2]/a'.</msg>
<status status="PASS" starttime="20190220 15:14:22.369" endtime="20190220 15:14:22.459"></status>
</kw>
<kw name="Click Element" library="Selenium2Library">
<doc>Click element identified by ``locator``.</doc>
<arguments>
<arg>xpath=/html/body/div/button</arg>
</arguments>
<msg timestamp="20190220 15:14:22.459" level="INFO">Clicking element 'xpath=/html/body/div/button'.</msg>
<status status="PASS" starttime="20190220 15:14:22.459" endtime="20190220 15:14:22.567"></status>
</kw>
<kw name="Sleep" library="BuiltIn">
<doc>Pauses the test executed for the given time.</doc>
<arguments>
<arg>1s</arg>
</arguments>
<msg timestamp="20190220 15:14:23.568" level="INFO">Slept 1 second</msg>
<status status="PASS" starttime="20190220 15:14:22.567" endtime="20190220 15:14:23.568"></status>
</kw>
<kw name="Input Text" library="Selenium2Library">
<doc>Types the given ``text`` into text field identified by ``locator``.</doc>
<arguments>
<arg>xpath=//*[@id="myModal"]/div/div/div[2]/form/input[1]</arg>
<arg>${data[0]}</arg>
</arguments>
<msg timestamp="20190220 15:14:23.570" level="INFO">Typing text '16k61a05d1' into text field 'xpath=//*[@id="myModal"]/div/div/div[2]/form/input[1]'.</msg>
<status status="PASS" starttime="20190220 15:14:23.569" endtime="20190220 15:14:23.650"></status>
</kw>
<kw name="Click Element" library="Selenium2Library">
<doc>Click element identified by ``locator``.</doc>
<arguments>
<arg>xpath=//*[@id="myModal"]/div/div/div[2]/form/input[2]</arg>
</arguments>
<msg timestamp="20190220 15:14:23.650" level="INFO">Clicking element 'xpath=//*[@id="myModal"]/div/div/div[2]/form/input[2]'.</msg>
<status status="PASS" starttime="20190220 15:14:23.650" endtime="20190220 15:14:23.856"></status>
</kw>
<kw name="Page Should Contain" library="Selenium2Library">
<doc>Verifies that current page contains ``text``.</doc>
<arguments>
<arg>REQUIRED:</arg>
<arg>₹100</arg>
</arguments>
<msg timestamp="20190220 15:14:23.871" level="INFO">Current page contains text 'REQUIRED:'.</msg>
<status status="PASS" starttime="20190220 15:14:23.856" endtime="20190220 15:14:23.872"></status>
</kw>
<status status="PASS" starttime="20190220 15:14:21.366" endtime="20190220 15:14:23.872"></status>
</kw>
<kw name="Regestering the Events CENTRAL EVENTS" library="AppUser">
<kw name="Sleep" library="BuiltIn">
<doc>Pauses the test executed for the given time.</doc>
<arguments>
<arg>2s</arg>
</arguments>
<msg timestamp="20190220 15:14:25.874" level="INFO">Slept 2 seconds</msg>
<status status="PASS" starttime="20190220 15:14:23.872" endtime="20190220 15:14:25.874"></status>
</kw>
<kw name="Click Element" library="Selenium2Library">
<doc>Click element identified by ``locator``.</doc>
<arguments>
<arg>xpath=//*[@id="1"]</arg>
</arguments>
<msg timestamp="20190220 15:14:25.875" level="INFO">Clicking element 'xpath=//*[@id="1"]'.</msg>
<status status="PASS" starttime="20190220 15:14:25.875" endtime="20190220 15:14:25.963"></status>
</kw>
<kw name="Click Element" library="Selenium2Library">
<doc>Click element identified by ``locator``.</doc>
<arguments>
<arg>xpath=//*[@id="2"]</arg>
</arguments>
<msg timestamp="20190220 15:14:25.963" level="INFO">Clicking element 'xpath=//*[@id="2"]'.</msg>
<status status="PASS" starttime="20190220 15:14:25.963" endtime="20190220 15:14:26.014"></status>
</kw>
<kw name="Click Element" library="Selenium2Library">
<doc>Click element identified by ``locator``.</doc>
<arguments>
<arg>xpath=//*[@id="3"]</arg>
</arguments>
<msg timestamp="20190220 15:14:26.014" level="INFO">Clicking element 'xpath=//*[@id="3"]'.</msg>
<status status="PASS" starttime="20190220 15:14:26.014" endtime="20190220 15:14:26.065"></status>
</kw>
<kw name="Click Element" library="Selenium2Library">
<doc>Click element identified by ``locator``.</doc>
<arguments>
<arg>xpath=//*[@id="4"]</arg>
</arguments>
<msg timestamp="20190220 15:14:26.065" level="INFO">Clicking element 'xpath=//*[@id="4"]'.</msg>
<status status="PASS" starttime="20190220 15:14:26.065" endtime="20190220 15:14:26.113"></status>
</kw>
<kw name="Click Element" library="Selenium2Library">
<doc>Click element identified by ``locator``.</doc>
<arguments>
<arg>xpath=//*[@id="5"]</arg>
</arguments>
<msg timestamp="20190220 15:14:26.113" level="INFO">Clicking element 'xpath=//*[@id="5"]'.</msg>
<status status="PASS" starttime="20190220 15:14:26.113" endtime="20190220 15:14:26.151"></status>
</kw>
<kw name="Click Element" library="Selenium2Library">
<doc>Click element identified by ``locator``.</doc>
<arguments>
<arg>xpath=//*[@id="6"]</arg>
</arguments>
<msg timestamp="20190220 15:14:26.151" level="INFO">Clicking element 'xpath=//*[@id="6"]'.</msg>
<status status="PASS" starttime="20190220 15:14:26.151" endtime="20190220 15:14:26.197"></status>
</kw>
<kw name="Click Element" library="Selenium2Library">
<doc>Click element identified by ``locator``.</doc>
<arguments>
<arg>xpath=//*[@id="7"]</arg>
</arguments>
<msg timestamp="20190220 15:14:26.198" level="INFO">Clicking element 'xpath=//*[@id="7"]'.</msg>
<status status="PASS" starttime="20190220 15:14:26.198" endtime="20190220 15:14:26.236"></status>
</kw>
<kw name="Click Element" library="Selenium2Library">
<doc>Click element identified by ``locator``.</doc>
<arguments>
<arg>xpath=//*[@id="8"]</arg>
</arguments>
<msg timestamp="20190220 15:14:26.237" level="INFO">Clicking element 'xpath=//*[@id="8"]'.</msg>
<status status="PASS" starttime="20190220 15:14:26.236" endtime="20190220 15:14:26.281"></status>
</kw>
<kw name="Click Element" library="Selenium2Library">
<doc>Click element identified by ``locator``.</doc>
<arguments>
<arg>xpath=//*[@id="9"]</arg>
</arguments>
<msg timestamp="20190220 15:14:26.282" level="INFO">Clicking element 'xpath=//*[@id="9"]'.</msg>
<status status="PASS" starttime="20190220 15:14:26.281" endtime="20190220 15:14:26.319"></status>
</kw>
<kw name="Click Element" library="Selenium2Library">
<doc>Click element identified by ``locator``.</doc>
<arguments>
<arg>xpath=//*[@id="10"]</arg>
</arguments>
<msg timestamp="20190220 15:14:26.319" level="INFO">Clicking element 'xpath=//*[@id="10"]'.</msg>
<status status="PASS" starttime="20190220 15:14:26.319" endtime="20190220 15:14:26.357"></status>
</kw>
<kw name="Click Element" library="Selenium2Library">
<doc>Click element identified by ``locator``.</doc>
<arguments>
<arg>xpath=//*[@id="11"]</arg>
</arguments>
<msg timestamp="20190220 15:14:26.358" level="INFO">Clicking element 'xpath=//*[@id="11"]'.</msg>
<status status="PASS" starttime="20190220 15:14:26.357" endtime="20190220 15:14:26.398"></status>
</kw>
<status status="PASS" starttime="20190220 15:14:23.872" endtime="20190220 15:14:26.399"></status>
</kw>
<kw name="canceling the Events CENTRAL EVENTS" library="AppUser">
<kw name="Click Element" library="Selenium2Library">
<doc>Click element identified by ``locator``.</doc>
<arguments>
<arg>xpath=//*[@id="1"]</arg>
</arguments>
<msg timestamp="20190220 15:14:26.400" level="INFO">Clicking element 'xpath=//*[@id="1"]'.</msg>
<status status="PASS" starttime="20190220 15:14:26.399" endtime="20190220 15:14:26.428"></status>
</kw>
<kw name="Click Element" library="Selenium2Library">
<doc>Click element identified by ``locator``.</doc>
<arguments>
<arg>xpath=//*[@id="2"]</arg>
</arguments>
<msg timestamp="20190220 15:14:26.429" level="INFO">Clicking element 'xpath=//*[@id="2"]'.</msg>
<status status="PASS" starttime="20190220 15:14:26.428" endtime="20190220 15:14:26.460"></status>
</kw>
<kw name="Click Element" library="Selenium2Library">
<doc>Click element identified by ``locator``.</doc>
<arguments>
<arg>xpath=//*[@id="3"]</arg>
</arguments>
<msg timestamp="20190220 15:14:26.461" level="INFO">Clicking element 'xpath=//*[@id="3"]'.</msg>
<status status="PASS" starttime="20190220 15:14:26.461" endtime="20190220 15:14:26.484"></status>
</kw>
<kw name="Click Element" library="Selenium2Library">
<doc>Click element identified by ``locator``.</doc>
<arguments>
<arg>xpath=//*[@id="4"]</arg>
</arguments>
<msg timestamp="20190220 15:14:26.484" level="INFO">Clicking element 'xpath=//*[@id="4"]'.</msg>
<status status="PASS" starttime="20190220 15:14:26.484" endtime="20190220 15:14:26.506"></status>
</kw>
<kw name="Click Element" library="Selenium2Library">
<doc>Click element identified by ``locator``.</doc>
<arguments>
<arg>xpath=//*[@id="5"]</arg>
</arguments>
<msg timestamp="20190220 15:14:26.506" level="INFO">Clicking element 'xpath=//*[@id="5"]'.</msg>
<status status="PASS" starttime="20190220 15:14:26.506" endtime="20190220 15:14:26.527"></status>
</kw>
<kw name="Click Element" library="Selenium2Library">
<doc>Click element identified by ``locator``.</doc>
<arguments>
<arg>xpath=//*[@id="6"]</arg>
</arguments>
<msg timestamp="20190220 15:14:26.528" level="INFO">Clicking element 'xpath=//*[@id="6"]'.</msg>
<status status="PASS" starttime="20190220 15:14:26.527" endtime="20190220 15:14:26.550"></status>
</kw>
<kw name="Click Element" library="Selenium2Library">
<doc>Click element identified by ``locator``.</doc>
<arguments>
<arg>xpath=//*[@id="7"]</arg>
</arguments>
<msg timestamp="20190220 15:14:26.551" level="INFO">Clicking element 'xpath=//*[@id="7"]'.</msg>
<status status="PASS" starttime="20190220 15:14:26.550" endtime="20190220 15:14:26.571"></status>
</kw>
<kw name="Click Element" library="Selenium2Library">
<doc>Click element identified by ``locator``.</doc>
<arguments>
<arg>xpath=//*[@id="8"]</arg>
</arguments>
<msg timestamp="20190220 15:14:26.571" level="INFO">Clicking element 'xpath=//*[@id="8"]'.</msg>
<status status="PASS" starttime="20190220 15:14:26.571" endtime="20190220 15:14:26.594"></status>
</kw>
<kw name="Click Element" library="Selenium2Library">
<doc>Click element identified by ``locator``.</doc>
<arguments>
<arg>xpath=//*[@id="9"]</arg>
</arguments>
<msg timestamp="20190220 15:14:26.594" level="INFO">Clicking element 'xpath=//*[@id="9"]'.</msg>
<status status="PASS" starttime="20190220 15:14:26.594" endtime="20190220 15:14:26.617"></status>
</kw>
<kw name="Click Element" library="Selenium2Library">
<doc>Click element identified by ``locator``.</doc>
<arguments>
<arg>xpath=//*[@id="10"]</arg>
</arguments>
<msg timestamp="20190220 15:14:26.618" level="INFO">Clicking element 'xpath=//*[@id="10"]'.</msg>
<status status="PASS" starttime="20190220 15:14:26.618" endtime="20190220 15:14:26.640"></status>
</kw>
<kw name="Sleep" library="BuiltIn">
<doc>Pauses the test executed for the given time.</doc>
<arguments>
<arg>1s</arg>
</arguments>
<msg timestamp="20190220 15:14:27.642" level="INFO">Slept 1 second</msg>
<status status="PASS" starttime="20190220 15:14:26.640" endtime="20190220 15:14:27.642"></status>
</kw>
<kw name="Click Element" library="Selenium2Library">
<doc>Click element identified by ``locator``.</doc>
<arguments>
<arg>xpath=//*[@id="11"]</arg>
</arguments>
<msg timestamp="20190220 15:14:27.642" level="INFO">Clicking element 'xpath=//*[@id="11"]'.</msg>
<status status="PASS" starttime="20190220 15:14:27.642" endtime="20190220 15:14:27.682"></status>
</kw>
<status status="PASS" starttime="20190220 15:14:26.399" endtime="20190220 15:14:27.682"></status>
</kw>
<kw name="CULTURAL EVENTS" library="AppUser">
<kw name="Page Should Contain" library="Selenium2Library">
<doc>Verifies that current page contains ``text``.</doc>
<arguments>
<arg>CULTURAL EVENTS</arg>
</arguments>
<msg timestamp="20190220 15:14:27.695" level="INFO">Current page contains text 'CULTURAL EVENTS'.</msg>
<status status="PASS" starttime="20190220 15:14:27.683" endtime="20190220 15:14:27.695"></status>
</kw>
<kw name="Click Element" library="Selenium2Library">
<doc>Click element identified by ``locator``.</doc>
<arguments>
<arg>//*[@id="12"]</arg>
</arguments>
<msg timestamp="20190220 15:14:27.696" level="INFO">Clicking element '//*[@id="12"]'.</msg>
<status status="PASS" starttime="20190220 15:14:27.696" endtime="20190220 15:14:27.748"></status>
</kw>
<kw name="Click Element" library="Selenium2Library">
<doc>Click element identified by ``locator``.</doc>
<arguments>
<arg>//*[@id="13"]</arg>
</arguments>
<msg timestamp="20190220 15:14:27.748" level="INFO">Clicking element '//*[@id="13"]'.</msg>
<status status="PASS" starttime="20190220 15:14:27.748" endtime="20190220 15:14:27.798"></status>
</kw>
<kw name="Click Element" library="Selenium2Library">
<doc>Click element identified by ``locator``.</doc>
<arguments>
<arg>//*[@id="14"]</arg>
</arguments>
<msg timestamp="20190220 15:14:27.798" level="INFO">Clicking element '//*[@id="14"]'.</msg>
<status status="PASS" starttime="20190220 15:14:27.798" endtime="20190220 15:14:27.848"></status>
</kw>
<kw name="Click Element" library="Selenium2Library">
<doc>Click element identified by ``locator``.</doc>
<arguments>
<arg>//*[@id="15"]</arg>
</arguments>
<msg timestamp="20190220 15:14:27.848" level="INFO">Clicking element '//*[@id="15"]'.</msg>
<status status="PASS" starttime="20190220 15:14:27.848" endtime="20190220 15:14:27.897"></status>
</kw>
<kw name="Click Element" library="Selenium2Library">
<doc>Click element identified by ``locator``.</doc>
<arguments>
<arg>//*[@id="16"]</arg>
</arguments>
<msg timestamp="20190220 15:14:27.897" level="INFO">Clicking element '//*[@id="16"]'.</msg>
<status status="PASS" starttime="20190220 15:14:27.897" endtime="20190220 15:14:27.947"></status>
</kw>
<kw name="Click Element" library="Selenium2Library">
<doc>Click element identified by ``locator``.</doc>
<arguments>
<arg>//*[@id="17"]</arg>
</arguments>
<msg timestamp="20190220 15:14:27.947" level="INFO">Clicking element '//*[@id="17"]'.</msg>
<status status="PASS" starttime="20190220 15:14:27.947" endtime="20190220 15:14:27.985"></status>
</kw>
<kw name="Click Element" library="Selenium2Library">
<doc>Click element identified by ``locator``.</doc>
<arguments>
<arg>//*[@id="18"]</arg>
</arguments>
<msg timestamp="20190220 15:14:27.985" level="INFO">Clicking element '//*[@id="18"]'.</msg>
<status status="PASS" starttime="20190220 15:14:27.985" endtime="20190220 15:14:28.031"></status>
</kw>
<kw name="Click Element" library="Selenium2Library">
<doc>Click element identified by ``locator``.</doc>
<arguments>
<arg>//*[@id="19"]</arg>
</arguments>
<msg timestamp="20190220 15:14:28.031" level="INFO">Clicking element '//*[@id="19"]'.</msg>
<status status="PASS" starttime="20190220 15:14:28.031" endtime="20190220 15:14:28.080"></status>
</kw>
<status status="PASS" starttime="20190220 15:14:27.682" endtime="20190220 15:14:28.080"></status>
</kw>
<kw name="SPORTS EVENTS" library="AppUser">
<kw name="Page Should Contain" library="Selenium2Library">
<doc>Verifies that current page contains ``text``.</doc>
<arguments>
<arg>SPORTS EVENTS</arg>
</arguments>
<msg timestamp="20190220 15:14:28.093" level="INFO">Current page contains text 'SPORTS EVENTS'.</msg>
<status status="PASS" starttime="20190220 15:14:28.081" endtime="20190220 15:14:28.093"></status>
</kw>
<kw name="Click Element" library="Selenium2Library">
<doc>Click element identified by ``locator``.</doc>
<arguments>
<arg>//*[@id="68"]</arg>
</arguments>
<msg timestamp="20190220 15:14:28.094" level="INFO">Clicking element '//*[@id="68"]'.</msg>
<status status="PASS" starttime="20190220 15:14:28.093" endtime="20190220 15:14:28.136"></status>
</kw>
<kw name="Click Element" library="Selenium2Library">
<doc>Click element identified by ``locator``.</doc>
<arguments>
<arg>//*[@id="69"]</arg>
</arguments>
<msg timestamp="20190220 15:14:28.136" level="INFO">Clicking element '//*[@id="69"]'.</msg>
<status status="PASS" starttime="20190220 15:14:28.136" endtime="20190220 15:14:28.178"></status>
</kw>
<kw name="Click Element" library="Selenium2Library">
<doc>Click element identified by ``locator``.</doc>
<arguments>
<arg>//*[@id="70"]</arg>
</arguments>
<msg timestamp="20190220 15:14:28.179" level="INFO">Clicking element '//*[@id="70"]'.</msg>
<status status="PASS" starttime="20190220 15:14:28.179" endtime="20190220 15:14:28.217"></status>
</kw>
<kw name="Click Element" library="Selenium2Library">
<doc>Click element identified by ``locator``.</doc>
<arguments>
<arg>//*[@id="71"]</arg>
</arguments>
<msg timestamp="20190220 15:14:28.217" level="INFO">Clicking element '//*[@id="71"]'.</msg>
<status status="PASS" starttime="20190220 15:14:28.217" endtime="20190220 15:14:28.254"></status>
</kw>
<kw name="Click Element" library="Selenium2Library">
<doc>Click element identified by ``locator``.</doc>
<arguments>
<arg>//*[@id="72"]</arg>
</arguments>
<msg timestamp="20190220 15:14:28.254" level="INFO">Clicking element '//*[@id="72"]'.</msg>
<status status="PASS" starttime="20190220 15:14:28.254" endtime="20190220 15:14:28.292"></status>
</kw>
<kw name="Click Element" library="Selenium2Library">
<doc>Click element identified by ``locator``.</doc>
<arguments>
<arg>//*[@id="73"]</arg>
</arguments>
<msg timestamp="20190220 15:14:28.292" level="INFO">Clicking element '//*[@id="73"]'.</msg>
<status status="PASS" starttime="20190220 15:14:28.292" endtime="20190220 15:14:28.329"></status>
</kw>
<kw name="Click Element" library="Selenium2Library">
<doc>Click element identified by ``locator``.</doc>
<arguments>
<arg>//*[@id="74"]</arg>
</arguments>
<msg timestamp="20190220 15:14:28.330" level="INFO">Clicking element '//*[@id="74"]'.</msg>
<status status="PASS" starttime="20190220 15:14:28.330" endtime="20190220 15:14:28.383"></status>
</kw>
<status status="PASS" starttime="20190220 15:14:28.080" endtime="20190220 15:14:28.383"></status>
</kw>
<kw name="Click payment" library="AppUser">
<kw name="Click Element" library="Selenium2Library">
<doc>Click element identified by ``locator``.</doc>
<arguments>
<arg>//*[@id="content"]/div[2]/div[2]/button</arg>
</arguments>
<msg timestamp="20190220 15:14:28.384" level="INFO">Clicking element '//*[@id="content"]/div[2]/div[2]/button'.</msg>
<status status="PASS" starttime="20190220 15:14:28.384" endtime="20190220 15:14:29.658"></status>
</kw>
<status status="PASS" starttime="20190220 15:14:28.384" endtime="20190220 15:14:29.659"></status>
</kw>
<kw name="Print page check" library="AppUser">
<kw name="Page Should Contain Image" library="Selenium2Library">
<doc>Verifies image identified by ``locator`` is found from current page.</doc>
<arguments>
<arg>//*[@id="content"]/table/tbody/tr[1]/td/img</arg>
</arguments>
<msg timestamp="20190220 15:14:29.806" level="INFO">Current page contains image '//*[@id="content"]/table/tbody/tr[1]/td/img'.</msg>
<status status="PASS" starttime="20190220 15:14:29.659" endtime="20190220 15:14:29.806"></status>
</kw>
<kw name="Page Should Contain Element" library="Selenium2Library">
<doc>Verifies that element ``locator`` is found on the current page.</doc>
<arguments>
<arg>//*[@id="content"]/table/tbody/tr[2]/td</arg>
</arguments>
<msg timestamp="20190220 15:14:29.815" level="INFO">Current page contains element '//*[@id="content"]/table/tbody/tr[2]/td'.</msg>
<status status="PASS" starttime="20190220 15:14:29.806" endtime="20190220 15:14:29.815"></status>
</kw>
<kw name="Page Should Contain Element" library="Selenium2Library">
<doc>Verifies that element ``locator`` is found on the current page.</doc>
<arguments>
<arg>//*[@id="content"]/table/tbody/tr[3]/td</arg>
</arguments>
<msg timestamp="20190220 15:14:29.823" level="INFO">Current page contains element '//*[@id="content"]/table/tbody/tr[3]/td'.</msg>
<status status="PASS" starttime="20190220 15:14:29.815" endtime="20190220 15:14:29.824"></status>
</kw>
<kw name="Page Should Contain" library="Selenium2Library">
<doc>Verifies that current page contains ``text``.</doc>
<arguments>
<arg>Original Copy</arg>
</arguments>
<msg timestamp="20190220 15:14:29.835" level="INFO">Current page contains text 'Original Copy'.</msg>
<status status="PASS" starttime="20190220 15:14:29.824" endtime="20190220 15:14:29.836"></status>
</kw>
<kw name="Page Should Contain" library="Selenium2Library">
<doc>Verifies that current page contains ``text``.</doc>
<arguments>
<arg>Regd No.:</arg>
</arguments>
<msg timestamp="20190220 15:14:29.848" level="INFO">Current page contains text 'Regd No.:'.</msg>
<status status="PASS" starttime="20190220 15:14:29.836" endtime="20190220 15:14:29.848"></status>
</kw>
<kw name="Page Should Contain" library="Selenium2Library">
<doc>Verifies that current page contains ``text``.</doc>
<arguments>
<arg>Name:</arg>
</arguments>
<msg timestamp="20190220 15:14:29.859" level="INFO">Current page contains text 'Name:'.</msg>
<status status="PASS" starttime="20190220 15:14:29.848" endtime="20190220 15:14:29.860"></status>
</kw>
<kw name="Page Should Contain" library="Selenium2Library">
<doc>Verifies that current page contains ``text``.</doc>
<arguments>
<arg>Amount:</arg>
</arguments>
<msg timestamp="20190220 15:14:29.870" level="INFO">Current page contains text 'Amount:'.</msg>
<status status="PASS" starttime="20190220 15:14:29.860" endtime="20190220 15:14:29.870"></status>
</kw>
<kw name="Page Should Contain" library="Selenium2Library">
<doc>Verifies that current page contains ``text``.</doc>
<arguments>
<arg>Signature of</arg>
</arguments>
<msg timestamp="20190220 15:14:29.881" level="INFO">Current page contains text 'Signature of'.</msg>
<status status="PASS" starttime="20190220 15:14:29.870" endtime="20190220 15:14:29.881"></status>
</kw>
<kw name="Page Should Contain Element" library="Selenium2Library">
<doc>Verifies that element ``locator`` is found on the current page.</doc>
<arguments>
<arg>//*[@id="myModal"]/div/div/div[2]/div/div[1]/input</arg>
</arguments>
<msg timestamp="20190220 15:14:29.889" level="INFO">Current page contains element '//*[@id="myModal"]/div/div/div[2]/div/div[1]/input'.</msg>
<status status="PASS" starttime="20190220 15:14:29.881" endtime="20190220 15:14:29.889"></status>
</kw>
<kw name="Page Should Contain Element" library="Selenium2Library">
<doc>Verifies that element ``locator`` is found on the current page.</doc>
<arguments>
<arg>//*[@id="myModal"]/div/div/div[2]/div/div[2]/a/button</arg>
</arguments>
<msg timestamp="20190220 15:14:29.899" level="INFO">Current page contains element '//*[@id="myModal"]/div/div/div[2]/div/div[2]/a/button'.</msg>
<status status="PASS" starttime="20190220 15:14:29.890" endtime="20190220 15:14:29.899"></status>
</kw>
<kw name="Click Element" library="Selenium2Library">
<doc>Click element identified by ``locator``.</doc>
<arguments>
<arg>//*[@id="myModal"]/div/div/div[2]/div/div[1]/input</arg>
</arguments>
<msg timestamp="20190220 15:14:29.899" level="INFO">Clicking element '//*[@id="myModal"]/div/div/div[2]/div/div[1]/input'.</msg>
<status status="PASS" starttime="20190220 15:14:29.899" endtime="20190220 15:15:29.339"></status>
</kw>
<status status="PASS" starttime="20190220 15:14:29.659" endtime="20190220 15:15:29.339"></status>
</kw>
<status status="PASS" starttime="20190220 15:14:18.093" endtime="20190220 15:15:29.339"></status>
</kw>
<status status="PASS" starttime="20190220 15:14:18.093" endtime="20190220 15:15:29.339"></status>
</kw>
<status status="PASS" starttime="20190220 15:14:18.093" endtime="20190220 15:15:29.339"></status>
</kw>
<status status="PASS" starttime="20190220 15:13:54.913" endtime="20190220 15:15:29.340" critical="yes"></status>
</test>
<status status="PASS" starttime="20190220 15:13:54.735" endtime="20190220 15:15:29.353"></status>
</suite>
<statistics>
<total>
<stat pass="1" fail="0">Critical Tests</stat>
<stat pass="1" fail="0">All Tests</stat>
</total>
<tag>
</tag>
<suite>
<stat pass="1" fail="0" id="s1" name="He">He</stat>
</suite>
</statistics>
<errors>
<msg timestamp="20190220 15:13:54.911" level="ERROR">Error in file 'C:\selenium\Anvaeshma\Resources\Data\DataManager.robot': Test library '..\Resources\CustomLibrary\Csv.py' does not exist.</msg>
</errors>
</robot>
