<?xml version="1.0" encoding="UTF-8"?>
<robot generator="Robot 3.0.4 (Python 3.7.0 on win32)" generated="20190219 10:11:38.779">
<suite id="s1" name="Tsting" source="C:\selenium using appium\neeraj\Tsting">
<suite id="s1-s1" name="Test" source="C:\selenium using appium\neeraj\Tsting\Test.robot">
<test id="s1-s1-t1" name="Test">
<kw name="setup and open android phone1" library="Common" type="setup">
<kw name="Open Application" library="AppiumLibrary">
<doc>Opens a new application to given Appium server.</doc>
<arguments>
<arg>${APPIUM_SERVER1}</arg>
<arg>platformName=${platformName}</arg>
<arg>platformVersion=${platformVersion}</arg>
<arg>deviceName=${deviceName}</arg>
<arg>automationName=${automationName}</arg>
<arg>appPackage=${appPackage}</arg>
<arg>newCommandTimeout=${newCommandTimeout}</arg>
<arg>appActivity=${appActivity}</arg>
</arguments>
<assign>
<var>${androiddriver1}</var>
</assign>
<msg timestamp="20190219 10:11:39.836" level="FAIL">Variable '${platformName}' not found.</msg>
<status status="FAIL" starttime="20190219 10:11:39.836" endtime="20190219 10:11:39.836"></status>
</kw>
<status status="FAIL" starttime="20190219 10:11:39.836" endtime="20190219 10:11:39.836"></status>
</kw>
<status status="FAIL" starttime="20190219 10:11:39.836" endtime="20190219 10:11:39.836" critical="yes">Setup failed:
Variable '${platformName}' not found.</status>
</test>
<doc>This script starts apps on two phones</doc>
<status status="FAIL" starttime="20190219 10:11:38.794" endtime="20190219 10:11:39.836"></status>
</suite>
<status status="FAIL" starttime="20190219 10:11:38.779" endtime="20190219 10:11:39.836"></status>
</suite>
<statistics>
<total>
<stat pass="0" fail="1">Critical Tests</stat>
<stat pass="0" fail="1">All Tests</stat>
</total>
<tag>
</tag>
<suite>
<stat pass="0" fail="1" id="s1" name="Tsting">Tsting</stat>
<stat pass="0" fail="1" id="s1-s1" name="Test">Tsting.Test</stat>
</suite>
</statistics>
<errors>
<msg timestamp="20190219 10:11:39.774" level="ERROR">Error in file 'C:\selenium using appium\neeraj\Resources\Common.robot': Resource file '..\Resources\Data\Variables.robot' does not exist.</msg>
<msg timestamp="20190219 10:11:39.805" level="ERROR">Error in file 'C:\selenium using appium\neeraj\Tsting\Test.robot': Resource file '..\Resources\Data\DataManager.robot' does not exist.</msg>
<msg timestamp="20190219 10:11:39.805" level="ERROR">Error in file 'C:\selenium using appium\neeraj\Tsting\Test.robot': Test library '..\Resources\CustomLibrary\Csv.py' does not exist.</msg>
</errors>
</robot>
